<?xml version="1.0" encoding="UTF-8"?>
<testsuites name="SampleTestSuite" time="68" tests="1" failures="0" errors="0">
   <testsuite name="SampleTestSuite" tests="1" failures="0" errors="0" time="68" timestamp="2019-04-12 15:18:17" hostname="Hvuser - EBHVR11-01-04.hexa.training.local" id="Test Suites/SampleTestSuite">
      <properties>
         <property name="deviceName" value=""/>
         <property name="devicePlatform" value=""/>
         <property name="logFolder" value="D:\\Katalontraining_Divya\\SampleKatalonTraining\\Reports\\SampleTestSuite\\20190412_151810"/>
         <property name="logFiles" value="D:\\Katalontraining_Divya\\SampleKatalonTraining\\Reports\\SampleTestSuite\\20190412_151810\\execution0.log"/>
         <property name="attachments" value=""/>
         <property name="hostName" value="Hvuser - EBHVR11-01-04.hexa.training.local"/>
         <property name="os" value="Windows 7 64bit"/>
         <property name="katalonVersion" value="6.1.1.1"/>
         <property name="browser" value="Firefox 56.0"/>
         <property name="hostAddress" value="172.25.228.136"/>
         <property name="sessionId" value="ee911c44-39af-4241-a75f-b9b50d414021"/>
         <property name="seleniumVersion" value="3.7.1"/>
         <property name="proxyInformation" value="ProxyInformation{proxyOption=NO_PROXY, proxyServerType=HTTP, password=, proxyServerAddress=, proxyServerPort=0}"/>
         <property name="platform" value="Windows 7"/>
      </properties>
      <testcase name="Test Cases/Test1" classname="Test Cases/Test1" status="PASSED">
         <system-out><![CDATA[2019-04-12 15:18:18 - [TEST_CASE][PASSED] - Test Cases/Test1: Test Cases/Test1

2019-04-12 15:18:21 - [TEST_STEP][PASSED] - openBrowser(""): Browser is opened with url: ''

2019-04-12 15:18:23 - [MESSAGE][INFO] - Starting 'Firefox' driver

2019-04-12 15:18:23 - [MESSAGE][INFO] - Action delay is set to 0 seconds

2019-04-12 15:19:07 - [MESSAGE][PASSED] - Browser is opened with url: ''

2019-04-12 15:19:07 - [TEST_STEP][PASSED] - navigateToUrl("https://opensource-demo.orangehrmlive.com"): Navigate to 'https://opensource-demo.orangehrmlive.com' successfully

2019-04-12 15:19:15 - [MESSAGE][PASSED] - Navigate to 'https://opensource-demo.orangehrmlive.com' successfully

2019-04-12 15:19:15 - [TEST_STEP][PASSED] - setText(findTestObject("Page_OrangeHRM/input_LOGIN Panel_txtUsername"), "Admin"): Text 'Admin' is set on object 'Object Repository/Page_OrangeHRM/input_LOGIN Panel_txtUsername'

2019-04-12 15:19:17 - [MESSAGE][PASSED] - Text 'Admin' is set on object 'Object Repository/Page_OrangeHRM/input_LOGIN Panel_txtUsername'

2019-04-12 15:19:17 - [TEST_STEP][PASSED] - setEncryptedText(findTestObject("Page_OrangeHRM/input_Username_txtPassword"), "hUKwJTbofgPU9eVlw/CnDQ=="): Text ****** has been set on object 'Object Repository/Page_OrangeHRM/input_Username_txtPassword'

2019-04-12 15:19:18 - [MESSAGE][PASSED] - Text ****** has been set on object 'Object Repository/Page_OrangeHRM/input_Username_txtPassword'

2019-04-12 15:19:18 - [TEST_STEP][PASSED] - click(findTestObject("Page_OrangeHRM/input_Password_Submit")): Object: 'Object Repository/Page_OrangeHRM/input_Password_Submit' is clicked on

2019-04-12 15:19:21 - [MESSAGE][PASSED] - Object: 'Object Repository/Page_OrangeHRM/input_Password_Submit' is clicked on

2019-04-12 15:19:21 - [TEST_STEP][PASSED] - click(findTestObject("Page_OrangeHRM/b_Leave")): Object: 'Object Repository/Page_OrangeHRM/b_Leave' is clicked on

2019-04-12 15:19:23 - [MESSAGE][PASSED] - Object: 'Object Repository/Page_OrangeHRM/b_Leave' is clicked on

2019-04-12 15:19:23 - [TEST_STEP][PASSED] - closeBrowser(): Browser is closed

2019-04-12 15:19:23 - [MESSAGE][PASSED] - Browser is closed]]></system-out>
         <system-err><![CDATA[]]></system-err>
      </testcase>
      <system-out><![CDATA[2019-04-12 15:18:17 - [TEST_SUITE][PASSED] - SampleTestSuite: Test Cases/Test1]]></system-out>
      <system-err><![CDATA[]]></system-err>
   </testsuite>
</testsuites>
