<?xml version="1.0" encoding="UTF-8"?>
<testsuites name="DataDrivenTestSuite" time="17" tests="1" failures="0" errors="0">
   <testsuite name="DataDrivenTestSuite" tests="1" failures="0" errors="0" time="17" timestamp="2019-04-13 12:49:08" hostname="Hvuser - EBHVR11-01-04.hexa.training.local" id="Test Suites/April13/DataDrivenTestSuite">
      <properties>
         <property name="deviceName" value=""/>
         <property name="devicePlatform" value=""/>
         <property name="logFolder" value="D:\\Katalontraining_Divya\\SampleKatalonTraining\\Reports\\April13\\DataDrivenTestSuite\\20190413_124905"/>
         <property name="logFiles" value="D:\\Katalontraining_Divya\\SampleKatalonTraining\\Reports\\April13\\DataDrivenTestSuite\\20190413_124905\\execution0.log"/>
         <property name="attachments" value=""/>
         <property name="hostName" value="Hvuser - EBHVR11-01-04.hexa.training.local"/>
         <property name="os" value="Windows 7 64bit"/>
         <property name="katalonVersion" value="6.1.1.1"/>
         <property name="browser" value="Chrome 73.0.3683.103"/>
         <property name="hostAddress" value="172.25.228.136"/>
         <property name="sessionId" value="6e9fa4ca151157967f725649709ab07d"/>
         <property name="seleniumVersion" value="3.7.1"/>
         <property name="proxyInformation" value="ProxyInformation{proxyOption=NO_PROXY, proxyServerType=HTTP, password=, proxyServerAddress=, proxyServerPort=0}"/>
         <property name="platform" value="Windows 7"/>
      </properties>
      <testcase name="Test Cases/April13/DataDrivenTest" classname="Test Cases/April13/DataDrivenTest" status="PASSED">
         <system-out><![CDATA[2019-04-13 12:49:09 - [TEST_CASE][PASSED] - Test Cases/April13/DataDrivenTest: Test Cases/April13/DataDrivenTest

2019-04-13 12:49:10 - [TEST_STEP][PASSED] - openBrowser(""): Browser is opened with url: ''

2019-04-13 12:49:10 - [MESSAGE][INFO] - Starting 'Chrome' driver

2019-04-13 12:49:10 - [MESSAGE][INFO] - Action delay is set to 0 seconds

2019-04-13 12:49:16 - [MESSAGE][PASSED] - Browser is opened with url: ''

2019-04-13 12:49:16 - [TEST_STEP][PASSED] - navigateToUrl("https://opensource-demo.orangehrmlive.com"): Navigate to 'https://opensource-demo.orangehrmlive.com' successfully

2019-04-13 12:49:19 - [MESSAGE][PASSED] - Navigate to 'https://opensource-demo.orangehrmlive.com' successfully

2019-04-13 12:49:19 - [TEST_STEP][PASSED] - setText(findTestObject("Page_OrangeHRM/input_LOGIN Panel_txtUsername"), username): Text 'Admin' is set on object 'Object Repository/Page_OrangeHRM/input_LOGIN Panel_txtUsername'

2019-04-13 12:49:20 - [MESSAGE][PASSED] - Text 'Admin' is set on object 'Object Repository/Page_OrangeHRM/input_LOGIN Panel_txtUsername'

2019-04-13 12:49:20 - [TEST_STEP][PASSED] - setEncryptedText(findTestObject("Page_OrangeHRM/input_Username_txtPassword"), password): Text ****** has been set on object 'Object Repository/Page_OrangeHRM/input_Username_txtPassword'

2019-04-13 12:49:20 - [MESSAGE][PASSED] - Text ****** has been set on object 'Object Repository/Page_OrangeHRM/input_Username_txtPassword'

2019-04-13 12:49:20 - [TEST_STEP][PASSED] - click(findTestObject("Page_OrangeHRM/input_Password_Submit")): Object: 'Object Repository/Page_OrangeHRM/input_Password_Submit' is clicked on

2019-04-13 12:49:22 - [MESSAGE][PASSED] - Object: 'Object Repository/Page_OrangeHRM/input_Password_Submit' is clicked on

2019-04-13 12:49:22 - [TEST_STEP][PASSED] - closeBrowser(): Browser is closed

2019-04-13 12:49:23 - [MESSAGE][PASSED] - Browser is closed]]></system-out>
         <system-err><![CDATA[]]></system-err>
      </testcase>
      <system-out><![CDATA[2019-04-13 12:49:08 - [TEST_SUITE][PASSED] - DataDrivenTestSuite: Test Cases/April13/DataDrivenTest]]></system-out>
      <system-err><![CDATA[]]></system-err>
   </testsuite>
</testsuites>
